<?xml version="1.0" encoding="UTF-8"?>
<!-- Generated by org.testng.reporters.JUnitXMLReporter -->
<testsuite hostname="DESKTOP-SHTR8IB" ignored="0" name="Test" tests="2" failures="1" timestamp="28 Jan 2021 02:54:17 GMT" time="15.968" errors="0">
  <testcase name="Login_01" time="4.213" classname="com.tekarch.ExtentReportsDemo.SalesforceLogin"/>
  <testcase name="Login_02" time="6.559" classname="com.tekarch.ExtentReportsDemo.SalesforceLogin">
    <failure type="java.lang.AssertionError" message="Login_TC02 FAILED">
      <![CDATA[java.lang.AssertionError: Login_TC02 FAILED
at com.tekarch.ExtentReportsDemo.SalesforceLogin.Login_02(SalesforceLogin.java:117)
... Removed 26 stack frames]]>
    </failure>
  </testcase> <!-- Login_02 -->
</testsuite> <!-- Test -->
